<?xml version="1.0" encoding="UTF-8"?>
<!-- Generated by org.testng.reporters.JUnitReportReporter -->
<testsuite hostname="MANI" failures="0" tests="1" name="sample.eazydiner.locationTest" time="70.798" errors="0" timestamp="2021-11-20T21:27:28 IST" skipped="0">
  <testcase classname="sample.eazydiner.locationTest" name="test3" time="70.798"/>
  <system-out/>
</testsuite> <!-- sample.eazydiner.locationTest -->
