<?xml version="1.0" encoding="UTF-8"?>
<!-- Generated by org.testng.reporters.JUnitReportReporter -->
<testsuite hostname="MANI" failures="0" tests="1" name="sample.eazydiner.homepageTest" time="103.264" errors="0" timestamp="2021-11-20T21:27:28 IST" skipped="0">
  <testcase classname="sample.eazydiner.homepageTest" name="test2" time="103.264"/>
  <system-out/>
</testsuite> <!-- sample.eazydiner.homepageTest -->
